<?xml version="1.0" encoding="UTF-8"?>
<!-- Generated by org.testng.reporters.JUnitReportReporter -->
<testsuite skipped="0" hostname="Admin-PC" name="Ng1.Dd1" tests="1" failures="0" timestamp="24 Oct 2018 04:16:32 GMT" time="17.625" errors="0">
  <testcase name="f" time="17.625" classname="Ng1.Dd1"/>
</testsuite> <!-- Ng1.Dd1 -->
