<?xml version="1.0" encoding="UTF-8"?>
<!-- Generated by org.testng.reporters.JUnitReportReporter -->
<testsuite skipped="0" hostname="Admin-PC" name="Ng.Dd2" tests="1" failures="0" timestamp="24 Oct 2018 04:16:32 GMT" time="7.309" errors="0">
  <testcase name="f" time="7.309" classname="Ng.Dd2"/>
</testsuite> <!-- Ng.Dd2 -->
