<?xml version="1.0" encoding="UTF-8"?>
<!-- Generated by org.testng.reporters.JUnitReportReporter -->
<testsuite skipped="1" hostname="Admin-PC" name="Ng.NewTest" tests="2" failures="0" timestamp="24 Oct 2018 03:42:42 GMT" time="3.170" errors="0">
  <testcase name="Test1" time="3.170" classname="Ng.NewTest"/>
  <testcase name="test" classname="Ng.NewTest">
    <skipped/>
  </testcase> <!-- test -->
</testsuite> <!-- Ng.NewTest -->
