<?xml version="1.0" encoding="UTF-8"?>
<!-- Generated by org.testng.reporters.JUnitReportReporter -->
<testsuite skipped="0" hostname="Admin-PC" name="Ng.Dd1" tests="1" failures="0" timestamp="24 Oct 2018 03:45:45 GMT" time="13.479" errors="0">
  <testcase name="f" time="13.479" classname="Ng.Dd1"/>
</testsuite> <!-- Ng.Dd1 -->
